<?xml version="1.0" encoding="UTF-8"?>
<!-- Generated by org.testng.reporters.JUnitXMLReporter -->
<testsuite ignored="0" hostname="Shikha-PC" failures="0" tests="4" name="Default test" time="7.514" errors="0" timestamp="2023-08-02T11:05:23 AEST">
  <testcase classname="api.tests.UserTests2" name="testPostUser" time="2.389"/>
  <testcase classname="api.tests.UserTests2" name="testGetUserByName" time="1.178"/>
  <testcase classname="api.tests.UserTests2" name="testUpdateUserByName" time="2.312"/>
  <testcase classname="api.tests.UserTests2" name="testDeleteUserByName" time="1.145"/>
</testsuite> <!-- Default test -->
