<?xml version="1.0" encoding="UTF-8"?>
<testng-results ignored="0" total="4" passed="4" failed="0" skipped="0">
  <reporter-output>
  </reporter-output>
  <suite started-at="2023-08-02T11:10:53 AEST" name="PetSuite" finished-at="2023-08-02T11:11:01 AEST" duration-ms="7614">
    <groups>
    </groups>
    <test started-at="2023-08-02T11:10:53 AEST" name="PetTest" finished-at="2023-08-02T11:11:01 AEST" duration-ms="7614">
      <class name="api.tests.UserTests2">
        <test-method is-config="true" signature="setup()[pri:0, instance:api.tests.UserTests2@6c1a5b54]" started-at="2023-08-02T11:10:53 AEST" name="setup" finished-at="2023-08-02T11:10:54 AEST" duration-ms="408" status="PASS">
          <reporter-output>
          </reporter-output>
        </test-method> <!-- setup -->
        <test-method signature="testPostUser()[pri:1, instance:api.tests.UserTests2@6c1a5b54]" started-at="2023-08-02T11:10:54 AEST" name="testPostUser" finished-at="2023-08-02T11:10:56 AEST" duration-ms="2343" status="PASS">
          <reporter-output>
          </reporter-output>
        </test-method> <!-- testPostUser -->
        <test-method signature="testGetUserByName()[pri:2, instance:api.tests.UserTests2@6c1a5b54]" started-at="2023-08-02T11:10:56 AEST" name="testGetUserByName" finished-at="2023-08-02T11:10:57 AEST" duration-ms="1164" status="PASS">
          <reporter-output>
          </reporter-output>
        </test-method> <!-- testGetUserByName -->
        <test-method signature="testUpdateUserByName()[pri:3, instance:api.tests.UserTests2@6c1a5b54]" started-at="2023-08-02T11:10:57 AEST" name="testUpdateUserByName" finished-at="2023-08-02T11:11:00 AEST" duration-ms="2349" status="PASS">
          <reporter-output>
          </reporter-output>
        </test-method> <!-- testUpdateUserByName -->
        <test-method signature="testDeleteUserByName()[pri:4, instance:api.tests.UserTests2@6c1a5b54]" started-at="2023-08-02T11:11:00 AEST" name="testDeleteUserByName" finished-at="2023-08-02T11:11:01 AEST" duration-ms="1158" status="PASS">
          <reporter-output>
          </reporter-output>
        </test-method> <!-- testDeleteUserByName -->
      </class> <!-- api.tests.UserTests2 -->
    </test> <!-- PetTest -->
  </suite> <!-- PetSuite -->
</testng-results>
