<?xml version="1.0" encoding="UTF-8"?>
<!-- Generated by org.testng.reporters.JUnitXMLReporter -->
<testsuite ignored="0" hostname="Shikha-PC" failures="0" tests="4" name="PetTest" time="9.884" errors="0" timestamp="2023-08-02T11:40:55 AEST">
  <testcase classname="api.tests.UserTests2" name="testPostUser" time="3.223"/>
  <testcase classname="api.tests.UserTests2" name="testGetUserByName" time="1.489"/>
  <testcase classname="api.tests.UserTests2" name="testUpdateUserByName" time="2.809"/>
  <testcase classname="api.tests.UserTests2" name="testDeleteUserByName" time="1.538"/>
</testsuite> <!-- PetTest -->
