<?xml version="1.0" encoding="UTF-8"?>
<!-- Generated by org.testng.reporters.JUnitXMLReporter -->
<testsuite ignored="0" hostname="Shikha-PC" failures="0" tests="4" name="PetTest" time="7.614" errors="0" timestamp="2023-08-02T11:11:01 AEST">
  <testcase classname="api.tests.UserTests2" name="testPostUser" time="2.343"/>
  <testcase classname="api.tests.UserTests2" name="testGetUserByName" time="1.164"/>
  <testcase classname="api.tests.UserTests2" name="testUpdateUserByName" time="2.349"/>
  <testcase classname="api.tests.UserTests2" name="testDeleteUserByName" time="1.158"/>
</testsuite> <!-- PetTest -->
